PCAD Importer Log
Project : PJ-324M.LibPkg

Section : C:\Users\Aleksa\Desktop\AUDIO FINAL\ALTIUM\AudioAmp\AudioiLibrary\PJ-324M.lia
    Section : PCB Library - PJ-324M.PcbLib
        Section : Load Messages
            Warning - 1 : Skipping Token JW-PJ-307-5 On Line 197
            Warning - 1 : Skipping Token attachedSymbol On Line 294
        EndSection

        Section : Import Messages
        EndSection
    EndSection

    Section : SCH Library - PJ-324M.SchLib
        Section : Parsing Messages
            Warning - 1 : Skipping Token padStyleDef On Line 9
            Warning - 1 : Skipping Token padStyleDef On Line 21
            Warning - 1 : Skipping Token padStyleDef On Line 33
            Warning - 1 : Skipping Token multiLayer On Line 108
            Warning - 1 : Skipping Token layerContents On Line 115
            Warning - 1 : Skipping Token layerContents On Line 120
            Warning - 1 : Skipping Token layerContents On Line 125
            Warning - 1 : Skipping Token layerContents On Line 157
            Warning - 1 : Skipping Token multiLayer On Line 171
            Warning - 1 : Skipping Token layerContents On Line 178
            Warning - 1 : Skipping Token layerContents On Line 183
            Warning - 1 : Skipping Token layerContents On Line 188
            Warning - 1 : Skipping Token isVisible On Line 257
            Warning - 1 : Skipping Token isVisible On Line 258
            Warning - 1 : Skipping Token isVisible On Line 259
            Warning - 1 : Skipping Token isVisible On Line 262
            Warning - 1 : Skipping Token isVisible On Line 263
        EndSection

        Section : Generating SCH Library - PJ-324M.SchLib
        EndSection
    EndSection
EndSection
